<?xml version="1.0" encoding="UTF-8"?>
<coverage generated="1638054907665" clover="3.2.0">
  <project timestamp="1638054907665" name="All files">
    <metrics statements="54" coveredstatements="45" conditionals="4" coveredconditionals="3" methods="7" coveredmethods="5" elements="65" coveredelements="53" complexity="0" loc="54" ncloc="54" packages="2" files="5" classes="5"/>
    <package name="payment-movie-poc">
      <metrics statements="49" coveredstatements="40" conditionals="4" coveredconditionals="3" methods="7" coveredmethods="5"/>
      <file name="app.js" path="/Users/akramrasikh/projects/film-poc/payment-movie-poc/app.js">
        <metrics statements="23" coveredstatements="20" conditionals="2" coveredconditionals="1" methods="2" coveredmethods="2"/>
        <line num="1" count="1" type="stmt"/>
        <line num="2" count="1" type="stmt"/>
        <line num="3" count="1" type="stmt"/>
        <line num="4" count="1" type="stmt"/>
        <line num="5" count="1" type="stmt"/>
        <line num="6" count="1" type="stmt"/>
        <line num="8" count="1" type="stmt"/>
        <line num="10" count="1" type="stmt"/>
        <line num="11" count="1" type="stmt"/>
        <line num="12" count="1" type="stmt"/>
        <line num="13" count="1" type="stmt"/>
        <line num="15" count="0" type="stmt"/>
        <line num="19" count="1" type="stmt"/>
        <line num="20" count="1" type="stmt"/>
        <line num="21" count="1" type="stmt"/>
        <line num="22" count="1" type="stmt"/>
        <line num="23" count="1" type="stmt"/>
        <line num="25" count="0" type="stmt"/>
        <line num="26" count="0" type="stmt"/>
        <line num="31" count="1" type="cond" truecount="1" falsecount="1"/>
        <line num="32" count="1" type="stmt"/>
        <line num="34" count="1" type="stmt"/>
        <line num="36" count="1" type="stmt"/>
      </file>
      <file name="dynamo-mock.js" path="/Users/akramrasikh/projects/film-poc/payment-movie-poc/dynamo-mock.js">
        <metrics statements="4" coveredstatements="4" conditionals="0" coveredconditionals="0" methods="0" coveredmethods="0"/>
        <line num="1" count="1" type="stmt"/>
        <line num="3" count="1" type="stmt"/>
        <line num="10" count="1" type="stmt"/>
        <line num="12" count="1" type="stmt"/>
      </file>
      <file name="payment-aws-methods.js" path="/Users/akramrasikh/projects/film-poc/payment-movie-poc/payment-aws-methods.js">
        <metrics statements="11" coveredstatements="5" conditionals="0" coveredconditionals="0" methods="2" coveredmethods="0"/>
        <line num="1" count="1" type="stmt"/>
        <line num="2" count="1" type="stmt"/>
        <line num="4" count="1" type="stmt"/>
        <line num="5" count="0" type="stmt"/>
        <line num="8" count="0" type="stmt"/>
        <line num="9" count="0" type="stmt"/>
        <line num="12" count="1" type="stmt"/>
        <line num="13" count="0" type="stmt"/>
        <line num="14" count="0" type="stmt"/>
        <line num="21" count="0" type="stmt"/>
        <line num="24" count="1" type="stmt"/>
      </file>
      <file name="validator.js" path="/Users/akramrasikh/projects/film-poc/payment-movie-poc/validator.js">
        <metrics statements="11" coveredstatements="11" conditionals="2" coveredconditionals="2" methods="3" coveredmethods="3"/>
        <line num="1" count="1" type="stmt"/>
        <line num="3" count="1" type="stmt"/>
        <line num="4" count="1" type="stmt"/>
        <line num="7" count="1" type="stmt"/>
        <line num="8" count="2" type="stmt"/>
        <line num="9" count="2" type="cond" truecount="2" falsecount="0"/>
        <line num="10" count="1" type="stmt"/>
        <line num="12" count="1" type="stmt"/>
        <line num="13" count="1" type="stmt"/>
        <line num="15" count="1" type="stmt"/>
        <line num="20" count="1" type="stmt"/>
      </file>
    </package>
    <package name="payment-movie-poc.aws">
      <metrics statements="5" coveredstatements="5" conditionals="0" coveredconditionals="0" methods="0" coveredmethods="0"/>
      <file name="dynamo.js" path="/Users/akramrasikh/projects/film-poc/payment-movie-poc/aws/dynamo.js">
        <metrics statements="5" coveredstatements="5" conditionals="0" coveredconditionals="0" methods="0" coveredmethods="0"/>
        <line num="1" count="1" type="stmt"/>
        <line num="3" count="1" type="stmt"/>
        <line num="9" count="1" type="stmt"/>
        <line num="10" count="1" type="stmt"/>
        <line num="12" count="1" type="stmt"/>
      </file>
    </package>
  </project>
</coverage>
