{"/Users/akramrasikh/projects/film-poc/reviews-service/app.js": {"path":"/Users/akramrasikh/projects/film-poc/reviews-service/app.js","all":false,"statementMap":{"0":{"start":{"line":1,"column":0},"end":{"line":1,"column":27}},"1":{"start":{"line":2,"column":0},"end":{"line":2,"column":35}},"2":{"start":{"line":3,"column":0},"end":{"line":3,"column":22}},"3":{"start":{"line":4,"column":0},"end":{"line":4,"column":42}},"4":{"start":{"line":5,"column":0},"end":{"line":5,"column":7}},"5":{"start":{"line":6,"column":0},"end":{"line":6,"column":13}},"6":{"start":{"line":7,"column":0},"end":{"line":7,"column":18}},"7":{"start":{"line":8,"column":0},"end":{"line":8,"column":21}},"8":{"start":{"line":9,"column":0},"end":{"line":9,"column":23}},"9":{"start":{"line":10,"column":0},"end":{"line":10,"column":37}},"10":{"start":{"line":11,"column":0},"end":{"line":11,"column":0}},"11":{"start":{"line":12,"column":0},"end":{"line":12,"column":27}},"12":{"start":{"line":13,"column":0},"end":{"line":13,"column":0}},"13":{"start":{"line":14,"column":0},"end":{"line":14,"column":38}},"14":{"start":{"line":15,"column":0},"end":{"line":15,"column":37}},"15":{"start":{"line":16,"column":0},"end":{"line":16,"column":7}},"16":{"start":{"line":17,"column":0},"end":{"line":17,"column":53}},"17":{"start":{"line":18,"column":0},"end":{"line":18,"column":37}},"18":{"start":{"line":19,"column":0},"end":{"line":19,"column":19}},"19":{"start":{"line":20,"column":0},"end":{"line":20,"column":32}},"20":{"start":{"line":21,"column":0},"end":{"line":21,"column":3}},"21":{"start":{"line":22,"column":0},"end":{"line":22,"column":3}},"22":{"start":{"line":23,"column":0},"end":{"line":23,"column":0}},"23":{"start":{"line":24,"column":0},"end":{"line":24,"column":51}},"24":{"start":{"line":25,"column":0},"end":{"line":25,"column":22}},"25":{"start":{"line":26,"column":0},"end":{"line":26,"column":29}},"26":{"start":{"line":27,"column":0},"end":{"line":27,"column":20}},"27":{"start":{"line":28,"column":0},"end":{"line":28,"column":29}},"28":{"start":{"line":29,"column":0},"end":{"line":29,"column":26}},"29":{"start":{"line":30,"column":0},"end":{"line":30,"column":7}},"30":{"start":{"line":31,"column":0},"end":{"line":31,"column":45}},"31":{"start":{"line":32,"column":0},"end":{"line":32,"column":42}},"32":{"start":{"line":33,"column":0},"end":{"line":33,"column":8}},"33":{"start":{"line":34,"column":0},"end":{"line":34,"column":0}},"34":{"start":{"line":35,"column":0},"end":{"line":35,"column":40}},"35":{"start":{"line":36,"column":0},"end":{"line":36,"column":19}},"36":{"start":{"line":37,"column":0},"end":{"line":37,"column":24}},"37":{"start":{"line":38,"column":0},"end":{"line":38,"column":50}},"38":{"start":{"line":39,"column":0},"end":{"line":39,"column":3}},"39":{"start":{"line":40,"column":0},"end":{"line":40,"column":3}},"40":{"start":{"line":41,"column":0},"end":{"line":41,"column":0}},"41":{"start":{"line":42,"column":0},"end":{"line":42,"column":12}},"42":{"start":{"line":43,"column":0},"end":{"line":43,"column":77}},"43":{"start":{"line":44,"column":0},"end":{"line":44,"column":17}},"44":{"start":{"line":45,"column":0},"end":{"line":45,"column":0}},"45":{"start":{"line":46,"column":0},"end":{"line":46,"column":38}},"46":{"start":{"line":47,"column":0},"end":{"line":47,"column":0}},"47":{"start":{"line":48,"column":0},"end":{"line":48,"column":18}},"48":{"start":{"line":49,"column":0},"end":{"line":49,"column":6}},"49":{"start":{"line":50,"column":0},"end":{"line":50,"column":2}}},"s":{"0":1,"1":1,"2":1,"3":1,"4":1,"5":1,"6":1,"7":1,"8":1,"9":1,"10":1,"11":1,"12":1,"13":1,"14":1,"15":1,"16":1,"17":1,"18":1,"19":0,"20":0,"21":1,"22":1,"23":1,"24":0,"25":0,"26":0,"27":0,"28":0,"29":0,"30":0,"31":0,"32":0,"33":0,"34":0,"35":0,"36":0,"37":0,"38":0,"39":0,"40":1,"41":1,"42":1,"43":1,"44":1,"45":1,"46":1,"47":1,"48":1,"49":1},"branchMap":{"0":{"type":"branch","line":43,"loc":{"start":{"line":43,"column":2},"end":{"line":43,"column":77}},"locations":[{"start":{"line":43,"column":2},"end":{"line":43,"column":77}}]},"1":{"type":"branch","line":14,"loc":{"start":{"line":14,"column":13},"end":{"line":22,"column":3}},"locations":[{"start":{"line":14,"column":13},"end":{"line":22,"column":3}}]},"2":{"type":"branch","line":19,"loc":{"start":{"line":19,"column":4},"end":{"line":21,"column":3}},"locations":[{"start":{"line":19,"column":4},"end":{"line":21,"column":3}}]}},"b":{"0":[0],"1":[1],"2":[0]},"fnMap":{},"f":{}}
,"/Users/akramrasikh/projects/film-poc/reviews-service/reviews-aws-methods.js": {"path":"/Users/akramrasikh/projects/film-poc/reviews-service/reviews-aws-methods.js","all":false,"statementMap":{"0":{"start":{"line":1,"column":0},"end":{"line":1,"column":31}},"1":{"start":{"line":2,"column":0},"end":{"line":2,"column":52}},"2":{"start":{"line":3,"column":0},"end":{"line":3,"column":71}},"3":{"start":{"line":4,"column":0},"end":{"line":4,"column":0}},"4":{"start":{"line":5,"column":0},"end":{"line":5,"column":32}},"5":{"start":{"line":6,"column":0},"end":{"line":6,"column":18}},"6":{"start":{"line":7,"column":0},"end":{"line":7,"column":26}},"7":{"start":{"line":8,"column":0},"end":{"line":8,"column":4}},"8":{"start":{"line":9,"column":0},"end":{"line":9,"column":60}},"9":{"start":{"line":10,"column":0},"end":{"line":10,"column":17}},"10":{"start":{"line":11,"column":0},"end":{"line":11,"column":2}},"11":{"start":{"line":12,"column":0},"end":{"line":12,"column":0}},"12":{"start":{"line":13,"column":0},"end":{"line":13,"column":37}},"13":{"start":{"line":14,"column":0},"end":{"line":14,"column":18}},"14":{"start":{"line":15,"column":0},"end":{"line":15,"column":26}},"15":{"start":{"line":16,"column":0},"end":{"line":16,"column":14}},"16":{"start":{"line":17,"column":0},"end":{"line":17,"column":18}},"17":{"start":{"line":18,"column":0},"end":{"line":18,"column":9}},"18":{"start":{"line":19,"column":0},"end":{"line":19,"column":4}},"19":{"start":{"line":20,"column":0},"end":{"line":20,"column":50}},"20":{"start":{"line":21,"column":0},"end":{"line":21,"column":2}},"21":{"start":{"line":22,"column":0},"end":{"line":22,"column":0}},"22":{"start":{"line":23,"column":0},"end":{"line":23,"column":11}},"23":{"start":{"line":24,"column":0},"end":{"line":24,"column":49}},"24":{"start":{"line":25,"column":0},"end":{"line":25,"column":56}},"25":{"start":{"line":26,"column":0},"end":{"line":26,"column":21}},"26":{"start":{"line":27,"column":0},"end":{"line":27,"column":28}},"27":{"start":{"line":28,"column":0},"end":{"line":28,"column":13}},"28":{"start":{"line":29,"column":0},"end":{"line":29,"column":58}},"29":{"start":{"line":30,"column":0},"end":{"line":30,"column":9}},"30":{"start":{"line":31,"column":0},"end":{"line":31,"column":81}},"31":{"start":{"line":32,"column":0},"end":{"line":32,"column":34}},"32":{"start":{"line":33,"column":0},"end":{"line":33,"column":37}},"33":{"start":{"line":34,"column":0},"end":{"line":34,"column":9}},"34":{"start":{"line":35,"column":0},"end":{"line":35,"column":35}},"35":{"start":{"line":36,"column":0},"end":{"line":36,"column":37}},"36":{"start":{"line":37,"column":0},"end":{"line":37,"column":9}},"37":{"start":{"line":38,"column":0},"end":{"line":38,"column":35}},"38":{"start":{"line":39,"column":0},"end":{"line":39,"column":7}},"39":{"start":{"line":40,"column":0},"end":{"line":40,"column":56}},"40":{"start":{"line":41,"column":0},"end":{"line":41,"column":5}},"41":{"start":{"line":42,"column":0},"end":{"line":42,"column":0}},"42":{"start":{"line":43,"column":0},"end":{"line":43,"column":8}},"43":{"start":{"line":44,"column":0},"end":{"line":44,"column":53}},"44":{"start":{"line":45,"column":0},"end":{"line":45,"column":18}},"45":{"start":{"line":46,"column":0},"end":{"line":46,"column":25}},"46":{"start":{"line":47,"column":0},"end":{"line":47,"column":10}},"47":{"start":{"line":48,"column":0},"end":{"line":48,"column":17}},"48":{"start":{"line":49,"column":0},"end":{"line":49,"column":20}},"49":{"start":{"line":50,"column":0},"end":{"line":50,"column":8}},"50":{"start":{"line":51,"column":0},"end":{"line":51,"column":6}},"51":{"start":{"line":52,"column":0},"end":{"line":52,"column":34}},"52":{"start":{"line":53,"column":0},"end":{"line":53,"column":4}},"53":{"start":{"line":54,"column":0},"end":{"line":54,"column":50}},"54":{"start":{"line":55,"column":0},"end":{"line":55,"column":2}},"55":{"start":{"line":56,"column":0},"end":{"line":56,"column":0}},"56":{"start":{"line":57,"column":0},"end":{"line":57,"column":46}},"57":{"start":{"line":58,"column":0},"end":{"line":58,"column":18}},"58":{"start":{"line":59,"column":0},"end":{"line":59,"column":25}},"59":{"start":{"line":60,"column":0},"end":{"line":60,"column":10}},"60":{"start":{"line":61,"column":0},"end":{"line":61,"column":35}},"61":{"start":{"line":62,"column":0},"end":{"line":62,"column":6}},"62":{"start":{"line":63,"column":0},"end":{"line":63,"column":72}},"63":{"start":{"line":64,"column":0},"end":{"line":64,"column":31}},"64":{"start":{"line":65,"column":0},"end":{"line":65,"column":28}},"65":{"start":{"line":66,"column":0},"end":{"line":66,"column":6}},"66":{"start":{"line":67,"column":0},"end":{"line":67,"column":32}},"67":{"start":{"line":68,"column":0},"end":{"line":68,"column":34}},"68":{"start":{"line":69,"column":0},"end":{"line":69,"column":6}},"69":{"start":{"line":70,"column":0},"end":{"line":70,"column":32}},"70":{"start":{"line":71,"column":0},"end":{"line":71,"column":4}},"71":{"start":{"line":72,"column":0},"end":{"line":72,"column":53}},"72":{"start":{"line":73,"column":0},"end":{"line":73,"column":2}},"73":{"start":{"line":74,"column":0},"end":{"line":74,"column":0}},"74":{"start":{"line":75,"column":0},"end":{"line":75,"column":49}},"75":{"start":{"line":76,"column":0},"end":{"line":76,"column":18}},"76":{"start":{"line":77,"column":0},"end":{"line":77,"column":25}},"77":{"start":{"line":78,"column":0},"end":{"line":78,"column":10}},"78":{"start":{"line":79,"column":0},"end":{"line":79,"column":35}},"79":{"start":{"line":80,"column":0},"end":{"line":80,"column":6}},"80":{"start":{"line":81,"column":0},"end":{"line":81,"column":78}},"81":{"start":{"line":82,"column":0},"end":{"line":82,"column":31}},"82":{"start":{"line":83,"column":0},"end":{"line":83,"column":34}},"83":{"start":{"line":84,"column":0},"end":{"line":84,"column":6}},"84":{"start":{"line":85,"column":0},"end":{"line":85,"column":32}},"85":{"start":{"line":86,"column":0},"end":{"line":86,"column":34}},"86":{"start":{"line":87,"column":0},"end":{"line":87,"column":6}},"87":{"start":{"line":88,"column":0},"end":{"line":88,"column":32}},"88":{"start":{"line":89,"column":0},"end":{"line":89,"column":4}},"89":{"start":{"line":90,"column":0},"end":{"line":90,"column":53}},"90":{"start":{"line":91,"column":0},"end":{"line":91,"column":2}},"91":{"start":{"line":92,"column":0},"end":{"line":92,"column":0}},"92":{"start":{"line":93,"column":0},"end":{"line":93,"column":51}},"93":{"start":{"line":94,"column":0},"end":{"line":94,"column":69}},"94":{"start":{"line":95,"column":0},"end":{"line":95,"column":58}},"95":{"start":{"line":96,"column":0},"end":{"line":96,"column":35}},"96":{"start":{"line":97,"column":0},"end":{"line":97,"column":4}},"97":{"start":{"line":98,"column":0},"end":{"line":98,"column":18}},"98":{"start":{"line":99,"column":0},"end":{"line":99,"column":25}},"99":{"start":{"line":100,"column":0},"end":{"line":100,"column":10}},"100":{"start":{"line":101,"column":0},"end":{"line":101,"column":35}},"101":{"start":{"line":102,"column":0},"end":{"line":102,"column":6}},"102":{"start":{"line":103,"column":0},"end":{"line":103,"column":51}},"103":{"start":{"line":104,"column":0},"end":{"line":104,"column":32}},"104":{"start":{"line":105,"column":0},"end":{"line":105,"column":4}},"105":{"start":{"line":106,"column":0},"end":{"line":106,"column":53}},"106":{"start":{"line":107,"column":0},"end":{"line":107,"column":2}},"107":{"start":{"line":108,"column":0},"end":{"line":108,"column":0}},"108":{"start":{"line":109,"column":0},"end":{"line":109,"column":54}},"109":{"start":{"line":110,"column":0},"end":{"line":110,"column":72}},"110":{"start":{"line":111,"column":0},"end":{"line":111,"column":58}},"111":{"start":{"line":112,"column":0},"end":{"line":112,"column":35}},"112":{"start":{"line":113,"column":0},"end":{"line":113,"column":4}},"113":{"start":{"line":114,"column":0},"end":{"line":114,"column":0}},"114":{"start":{"line":115,"column":0},"end":{"line":115,"column":18}},"115":{"start":{"line":116,"column":0},"end":{"line":116,"column":25}},"116":{"start":{"line":117,"column":0},"end":{"line":117,"column":10}},"117":{"start":{"line":118,"column":0},"end":{"line":118,"column":35}},"118":{"start":{"line":119,"column":0},"end":{"line":119,"column":6}},"119":{"start":{"line":120,"column":0},"end":{"line":120,"column":54}},"120":{"start":{"line":121,"column":0},"end":{"line":121,"column":32}},"121":{"start":{"line":122,"column":0},"end":{"line":122,"column":4}},"122":{"start":{"line":123,"column":0},"end":{"line":123,"column":53}},"123":{"start":{"line":124,"column":0},"end":{"line":124,"column":2}},"124":{"start":{"line":125,"column":0},"end":{"line":125,"column":0}},"125":{"start":{"line":126,"column":0},"end":{"line":126,"column":18}},"126":{"start":{"line":127,"column":0},"end":{"line":127,"column":13}},"127":{"start":{"line":128,"column":0},"end":{"line":128,"column":12}},"128":{"start":{"line":129,"column":0},"end":{"line":129,"column":18}},"129":{"start":{"line":130,"column":0},"end":{"line":130,"column":21}},"130":{"start":{"line":131,"column":0},"end":{"line":131,"column":23}},"131":{"start":{"line":132,"column":0},"end":{"line":132,"column":26}},"132":{"start":{"line":133,"column":0},"end":{"line":133,"column":2}},"133":{"start":{"line":134,"column":0},"end":{"line":134,"column":0}},"134":{"start":{"line":135,"column":0},"end":{"line":135,"column":49}},"135":{"start":{"line":136,"column":0},"end":{"line":136,"column":56}},"136":{"start":{"line":137,"column":0},"end":{"line":137,"column":21}},"137":{"start":{"line":138,"column":0},"end":{"line":138,"column":28}},"138":{"start":{"line":139,"column":0},"end":{"line":139,"column":13}},"139":{"start":{"line":140,"column":0},"end":{"line":140,"column":38}},"140":{"start":{"line":141,"column":0},"end":{"line":141,"column":9}},"141":{"start":{"line":142,"column":0},"end":{"line":142,"column":46}},"142":{"start":{"line":143,"column":0},"end":{"line":143,"column":34}},"143":{"start":{"line":144,"column":0},"end":{"line":144,"column":27}},"144":{"start":{"line":145,"column":0},"end":{"line":145,"column":9}},"145":{"start":{"line":146,"column":0},"end":{"line":146,"column":35}},"146":{"start":{"line":147,"column":0},"end":{"line":147,"column":58}},"147":{"start":{"line":148,"column":0},"end":{"line":148,"column":9}},"148":{"start":{"line":149,"column":0},"end":{"line":149,"column":35}},"149":{"start":{"line":150,"column":0},"end":{"line":150,"column":7}},"150":{"start":{"line":151,"column":0},"end":{"line":151,"column":56}},"151":{"start":{"line":152,"column":0},"end":{"line":152,"column":5}},"152":{"start":{"line":153,"column":0},"end":{"line":153,"column":0}},"153":{"start":{"line":154,"column":0},"end":{"line":154,"column":52}},"154":{"start":{"line":155,"column":0},"end":{"line":155,"column":21}},"155":{"start":{"line":156,"column":0},"end":{"line":156,"column":28}},"156":{"start":{"line":157,"column":0},"end":{"line":157,"column":13}},"157":{"start":{"line":158,"column":0},"end":{"line":158,"column":38}},"158":{"start":{"line":159,"column":0},"end":{"line":159,"column":9}},"159":{"start":{"line":160,"column":0},"end":{"line":160,"column":62}},"160":{"start":{"line":161,"column":0},"end":{"line":161,"column":34}},"161":{"start":{"line":162,"column":0},"end":{"line":162,"column":26}},"162":{"start":{"line":163,"column":0},"end":{"line":163,"column":9}},"163":{"start":{"line":164,"column":0},"end":{"line":164,"column":35}},"164":{"start":{"line":165,"column":0},"end":{"line":165,"column":28}},"165":{"start":{"line":166,"column":0},"end":{"line":166,"column":9}},"166":{"start":{"line":167,"column":0},"end":{"line":167,"column":35}},"167":{"start":{"line":168,"column":0},"end":{"line":168,"column":7}},"168":{"start":{"line":169,"column":0},"end":{"line":169,"column":53}},"169":{"start":{"line":170,"column":0},"end":{"line":170,"column":5}}},"s":{"0":1,"1":1,"2":1,"3":1,"4":1,"5":0,"6":0,"7":0,"8":0,"9":0,"10":0,"11":1,"12":1,"13":0,"14":0,"15":0,"16":0,"17":0,"18":0,"19":0,"20":0,"21":1,"22":1,"23":1,"24":1,"25":1,"26":1,"27":1,"28":1,"29":1,"30":1,"31":1,"32":1,"33":1,"34":1,"35":1,"36":1,"37":1,"38":1,"39":1,"40":1,"41":1,"42":1,"43":1,"44":0,"45":0,"46":0,"47":0,"48":0,"49":0,"50":0,"51":0,"52":0,"53":0,"54":0,"55":1,"56":1,"57":0,"58":0,"59":0,"60":0,"61":0,"62":0,"63":0,"64":0,"65":0,"66":0,"67":0,"68":0,"69":0,"70":0,"71":0,"72":0,"73":1,"74":1,"75":0,"76":0,"77":0,"78":0,"79":0,"80":0,"81":0,"82":0,"83":0,"84":0,"85":0,"86":0,"87":0,"88":0,"89":0,"90":0,"91":1,"92":1,"93":0,"94":0,"95":0,"96":0,"97":0,"98":0,"99":0,"100":0,"101":0,"102":0,"103":0,"104":0,"105":0,"106":0,"107":1,"108":1,"109":0,"110":0,"111":0,"112":0,"113":0,"114":0,"115":0,"116":0,"117":0,"118":0,"119":0,"120":0,"121":0,"122":0,"123":0,"124":1,"125":1,"126":1,"127":1,"128":1,"129":1,"130":1,"131":1,"132":1,"133":1,"134":1,"135":1,"136":1,"137":1,"138":1,"139":1,"140":1,"141":1,"142":1,"143":1,"144":1,"145":1,"146":1,"147":1,"148":1,"149":1,"150":1,"151":1,"152":1,"153":1,"154":1,"155":1,"156":1,"157":1,"158":1,"159":1,"160":1,"161":1,"162":1,"163":1,"164":1,"165":1,"166":1,"167":1,"168":1,"169":1},"branchMap":{},"b":{},"fnMap":{"0":{"name":"getReviews","decl":{"start":{"line":5,"column":19},"end":{"line":11,"column":2}},"loc":{"start":{"line":5,"column":19},"end":{"line":11,"column":2}},"line":5},"1":{"name":"addReview","decl":{"start":{"line":13,"column":18},"end":{"line":21,"column":2}},"loc":{"start":{"line":13,"column":18},"end":{"line":21,"column":2}},"line":13},"2":{"name":"getLikeById","decl":{"start":{"line":44,"column":20},"end":{"line":55,"column":2}},"loc":{"start":{"line":44,"column":20},"end":{"line":55,"column":2}},"line":44},"3":{"name":"addLikeToReview","decl":{"start":{"line":57,"column":24},"end":{"line":73,"column":2}},"loc":{"start":{"line":57,"column":24},"end":{"line":73,"column":2}},"line":57},"4":{"name":"addDislikeToReview","decl":{"start":{"line":75,"column":27},"end":{"line":91,"column":2}},"loc":{"start":{"line":75,"column":27},"end":{"line":91,"column":2}},"line":75},"5":{"name":"removeLikeFromReview","decl":{"start":{"line":93,"column":29},"end":{"line":107,"column":2}},"loc":{"start":{"line":93,"column":29},"end":{"line":107,"column":2}},"line":93},"6":{"name":"removeDislikeFromReview","decl":{"start":{"line":109,"column":32},"end":{"line":124,"column":2}},"loc":{"start":{"line":109,"column":32},"end":{"line":124,"column":2}},"line":109}},"f":{"0":0,"1":0,"2":0,"3":0,"4":0,"5":0,"6":0}}
,"/Users/akramrasikh/projects/film-poc/reviews-service/aws/dynamo.js": {"path":"/Users/akramrasikh/projects/film-poc/reviews-service/aws/dynamo.js","all":false,"statementMap":{"0":{"start":{"line":1,"column":0},"end":{"line":1,"column":31}},"1":{"start":{"line":2,"column":0},"end":{"line":2,"column":0}},"2":{"start":{"line":3,"column":0},"end":{"line":3,"column":19}},"3":{"start":{"line":4,"column":0},"end":{"line":4,"column":18}},"4":{"start":{"line":5,"column":0},"end":{"line":5,"column":19}},"5":{"start":{"line":6,"column":0},"end":{"line":6,"column":23}},"6":{"start":{"line":7,"column":0},"end":{"line":7,"column":36}},"7":{"start":{"line":8,"column":0},"end":{"line":8,"column":3}},"8":{"start":{"line":9,"column":0},"end":{"line":9,"column":0}},"9":{"start":{"line":10,"column":0},"end":{"line":10,"column":55}},"10":{"start":{"line":11,"column":0},"end":{"line":11,"column":36}},"11":{"start":{"line":12,"column":0},"end":{"line":12,"column":0}},"12":{"start":{"line":13,"column":0},"end":{"line":13,"column":29}},"13":{"start":{"line":14,"column":0},"end":{"line":14,"column":0}},"14":{"start":{"line":15,"column":0},"end":{"line":15,"column":18}},"15":{"start":{"line":16,"column":0},"end":{"line":16,"column":15}},"16":{"start":{"line":17,"column":0},"end":{"line":17,"column":11}},"17":{"start":{"line":18,"column":0},"end":{"line":18,"column":13}},"18":{"start":{"line":19,"column":0},"end":{"line":19,"column":2}}},"s":{"0":1,"1":1,"2":1,"3":1,"4":1,"5":1,"6":1,"7":1,"8":1,"9":1,"10":1,"11":1,"12":1,"13":1,"14":1,"15":1,"16":1,"17":1,"18":1},"branchMap":{},"b":{},"fnMap":{},"f":{}}
}
