{"/Users/akramrasikh/projects/film-poc/payment-movie-poc/app.js": {"path":"/Users/akramrasikh/projects/film-poc/payment-movie-poc/app.js","statementMap":{"0":{"start":{"line":1,"column":0},"end":{"line":1,"column":27}},"1":{"start":{"line":2,"column":16},"end":{"line":2,"column":34}},"2":{"start":{"line":3,"column":12},"end":{"line":3,"column":21}},"3":{"start":{"line":4,"column":19},"end":{"line":4,"column":41}},"4":{"start":{"line":5,"column":36},"end":{"line":5,"column":68}},"5":{"start":{"line":6,"column":45},"end":{"line":6,"column":67}},"6":{"start":{"line":8,"column":0},"end":{"line":8,"column":27}},"7":{"start":{"line":10,"column":0},"end":{"line":17,"column":3}},"8":{"start":{"line":11,"column":2},"end":{"line":16,"column":3}},"9":{"start":{"line":12,"column":35},"end":{"line":12,"column":54}},"10":{"start":{"line":13,"column":4},"end":{"line":13,"column":38}},"11":{"start":{"line":15,"column":4},"end":{"line":15,"column":32}},"12":{"start":{"line":19,"column":0},"end":{"line":28,"column":3}},"13":{"start":{"line":20,"column":20},"end":{"line":20,"column":35}},"14":{"start":{"line":21,"column":2},"end":{"line":27,"column":3}},"15":{"start":{"line":22,"column":4},"end":{"line":22,"column":32}},"16":{"start":{"line":23,"column":4},"end":{"line":23,"column":41}},"17":{"start":{"line":25,"column":4},"end":{"line":25,"column":24}},"18":{"start":{"line":26,"column":4},"end":{"line":26,"column":51}},"19":{"start":{"line":31,"column":2},"end":{"line":31,"column":76}},"20":{"start":{"line":32,"column":0},"end":{"line":32,"column":17}},"21":{"start":{"line":34,"column":0},"end":{"line":34,"column":38}},"22":{"start":{"line":36,"column":0},"end":{"line":38,"column":2}}},"fnMap":{"0":{"name":"(anonymous_0)","decl":{"start":{"line":10,"column":13},"end":{"line":10,"column":14}},"loc":{"start":{"line":10,"column":37},"end":{"line":17,"column":1}},"line":10},"1":{"name":"(anonymous_1)","decl":{"start":{"line":19,"column":50},"end":{"line":19,"column":51}},"loc":{"start":{"line":19,"column":76},"end":{"line":28,"column":1}},"line":19}},"branchMap":{"0":{"loc":{"start":{"line":31,"column":2},"end":{"line":31,"column":76}},"type":"cond-expr","locations":[{"start":{"line":31,"column":36},"end":{"line":31,"column":57}},{"start":{"line":31,"column":60},"end":{"line":31,"column":76}}],"line":31}},"s":{"0":1,"1":1,"2":1,"3":1,"4":1,"5":1,"6":1,"7":1,"8":1,"9":1,"10":1,"11":0,"12":1,"13":1,"14":1,"15":1,"16":1,"17":0,"18":0,"19":1,"20":1,"21":1,"22":1},"f":{"0":1,"1":1},"b":{"0":[1,0]},"_coverageSchema":"1a1c01bbd47fc00a2c39e90264f33305004495a9","hash":"5a3b4ae409bad4cfe3511d833fd6268bf6637fcc"}
,"/Users/akramrasikh/projects/film-poc/payment-movie-poc/dynamo-mock.js": {"path":"/Users/akramrasikh/projects/film-poc/payment-movie-poc/dynamo-mock.js","statementMap":{"0":{"start":{"line":1,"column":27},"end":{"line":1,"column":62}},"1":{"start":{"line":3,"column":15},"end":{"line":8,"column":1}},"2":{"start":{"line":10,"column":16},"end":{"line":10,"column":42}},"3":{"start":{"line":12,"column":0},"end":{"line":14,"column":1}}},"fnMap":{},"branchMap":{},"s":{"0":1,"1":1,"2":1,"3":1},"f":{},"b":{},"_coverageSchema":"1a1c01bbd47fc00a2c39e90264f33305004495a9","hash":"d48d926eec2e7e2012569e665c4d445d61172a08"}
,"/Users/akramrasikh/projects/film-poc/payment-movie-poc/payment-aws-methods.js": {"path":"/Users/akramrasikh/projects/film-poc/payment-movie-poc/payment-aws-methods.js","statementMap":{"0":{"start":{"line":1,"column":37},"end":{"line":1,"column":60}},"1":{"start":{"line":2,"column":13},"end":{"line":2,"column":28}},"2":{"start":{"line":4,"column":20},"end":{"line":10,"column":1}},"3":{"start":{"line":5,"column":17},"end":{"line":7,"column":3}},"4":{"start":{"line":8,"column":19},"end":{"line":8,"column":60}},"5":{"start":{"line":9,"column":2},"end":{"line":9,"column":18}},"6":{"start":{"line":12,"column":19},"end":{"line":22,"column":1}},"7":{"start":{"line":13,"column":16},"end":{"line":13,"column":25}},"8":{"start":{"line":14,"column":17},"end":{"line":20,"column":3}},"9":{"start":{"line":21,"column":2},"end":{"line":21,"column":50}},"10":{"start":{"line":24,"column":0},"end":{"line":27,"column":2}}},"fnMap":{"0":{"name":"(anonymous_0)","decl":{"start":{"line":4,"column":20},"end":{"line":4,"column":21}},"loc":{"start":{"line":4,"column":32},"end":{"line":10,"column":1}},"line":4},"1":{"name":"(anonymous_1)","decl":{"start":{"line":12,"column":19},"end":{"line":12,"column":20}},"loc":{"start":{"line":12,"column":37},"end":{"line":22,"column":1}},"line":12}},"branchMap":{},"s":{"0":1,"1":1,"2":1,"3":0,"4":0,"5":0,"6":1,"7":0,"8":0,"9":0,"10":1},"f":{"0":0,"1":0},"b":{},"_coverageSchema":"1a1c01bbd47fc00a2c39e90264f33305004495a9","hash":"2948b93c44ba889faa580574818a55c2dd004431"}
,"/Users/akramrasikh/projects/film-poc/payment-movie-poc/validator.js": {"path":"/Users/akramrasikh/projects/film-poc/payment-movie-poc/validator.js","statementMap":{"0":{"start":{"line":1,"column":35},"end":{"line":1,"column":63}},"1":{"start":{"line":3,"column":31},"end":{"line":5,"column":1}},"2":{"start":{"line":4,"column":2},"end":{"line":4,"column":37}},"3":{"start":{"line":7,"column":17},"end":{"line":18,"column":1}},"4":{"start":{"line":8,"column":17},"end":{"line":8,"column":38}},"5":{"start":{"line":9,"column":2},"end":{"line":11,"column":3}},"6":{"start":{"line":10,"column":4},"end":{"line":10,"column":18}},"7":{"start":{"line":12,"column":26},"end":{"line":12,"column":28}},"8":{"start":{"line":13,"column":2},"end":{"line":13,"column":78}},"9":{"start":{"line":13,"column":30},"end":{"line":13,"column":76}},"10":{"start":{"line":15,"column":2},"end":{"line":17,"column":5}},"11":{"start":{"line":20,"column":0},"end":{"line":23,"column":2}}},"fnMap":{"0":{"name":"(anonymous_0)","decl":{"start":{"line":3,"column":31},"end":{"line":3,"column":32}},"loc":{"start":{"line":3,"column":37},"end":{"line":5,"column":1}},"line":3},"1":{"name":"(anonymous_1)","decl":{"start":{"line":7,"column":17},"end":{"line":7,"column":18}},"loc":{"start":{"line":7,"column":37},"end":{"line":18,"column":1}},"line":7},"2":{"name":"(anonymous_2)","decl":{"start":{"line":13,"column":21},"end":{"line":13,"column":22}},"loc":{"start":{"line":13,"column":30},"end":{"line":13,"column":76}},"line":13}},"branchMap":{"0":{"loc":{"start":{"line":9,"column":2},"end":{"line":11,"column":3}},"type":"if","locations":[{"start":{"line":9,"column":2},"end":{"line":11,"column":3}},{"start":{},"end":{}}],"line":9}},"s":{"0":1,"1":1,"2":1,"3":1,"4":2,"5":2,"6":1,"7":1,"8":1,"9":1,"10":1,"11":1},"f":{"0":1,"1":2,"2":1},"b":{"0":[1,1]},"_coverageSchema":"1a1c01bbd47fc00a2c39e90264f33305004495a9","hash":"a4c34ca751730a7c91e1f32e51a162be3d57f62b"}
,"/Users/akramrasikh/projects/film-poc/payment-movie-poc/aws/dynamo.js": {"path":"/Users/akramrasikh/projects/film-poc/payment-movie-poc/aws/dynamo.js","statementMap":{"0":{"start":{"line":1,"column":12},"end":{"line":1,"column":30}},"1":{"start":{"line":3,"column":0},"end":{"line":7,"column":2}},"2":{"start":{"line":9,"column":21},"end":{"line":9,"column":54}},"3":{"start":{"line":10,"column":19},"end":{"line":10,"column":29}},"4":{"start":{"line":12,"column":0},"end":{"line":15,"column":1}}},"fnMap":{},"branchMap":{},"s":{"0":1,"1":1,"2":1,"3":1,"4":1},"f":{},"b":{},"_coverageSchema":"1a1c01bbd47fc00a2c39e90264f33305004495a9","hash":"c47ea862958e5e8fe6daa076141e9abe8551488d"}
}
